Arguments: 
  /Users/ianfuller/.nvm/versions/node/v6.11.3/bin/node /usr/local/Cellar/yarn/1.3.2/libexec/bin/yarn.js add reason-fetch

PATH: 
  ./node_modules/.bin:/Users/ianfuller/Projects/sdks/appengine-java-sdk-latest/bin:/Users/ianfuller/Snapchat/Dev/sdks/google-cloud-sdk/bin:/Users/ianfuller/.nvm/versions/node/v6.11.3/bin:/Library/Frameworks/Python.framework/Versions/3.6/bin:/usr/local/bin:/usr/bin:/bin:/usr/sbin:/sbin:/opt/X11/bin:/usr/local/munki:./node_modules/.bin:/Users/ianfuller/Projects/sdks/appengine-java-sdk-latest/bin:/Users/ianfuller/Snapchat/Dev/sdks/google-cloud-sdk/bin:/Library/Frameworks/Python.framework/Versions/3.6/bin

Yarn version: 
  1.3.2

Node version: 
  6.11.3

Platform: 
  darwin x64

npm manifest: 
  {
    "name": "ReasonML",
    "version": "1.0.0",
    "main": "index.js",
    "author": "ifuller <ifuller@snapchat.com>",
    "license": "MIT",
    "dependencies": {
      "bs-platform": "^2.2.2",
      "reason-cli": "https://github.com/reasonml/reason-cli/archive/3.1.0-bin-darwin.tar.gz"
    }
  }

yarn manifest: 
  No manifest

Lockfile: 
  # THIS IS AN AUTOGENERATED FILE. DO NOT EDIT THIS FILE DIRECTLY.
  # yarn lockfile v1
  
  
  bs-platform@^2.2.2:
    version "2.2.2"
    resolved "https://snapchat.artifactoryonline.com/snapchat/api/npm/npm-virtual/bs-platform/-/bs-platform-2.2.2.tgz#95ff37719771bbf310e8376fedd1148865c0da19"
  
  "reason-cli@https://github.com/reasonml/reason-cli/archive/3.1.0-bin-darwin.tar.gz":
    version "0.0.0"
    resolved "https://github.com/reasonml/reason-cli/archive/3.1.0-bin-darwin.tar.gz#400b975d56c72fb70d721ec1e45d17c5f689eaa0"

Trace: 
  Error: https://snapchat.artifactoryonline.com/snapchat/api/npm/npm-virtual/reason-fetch: not_found
      at Request.params.callback [as _callback] (/usr/local/Cellar/yarn/1.3.2/libexec/lib/cli.js:62098:18)
      at Request.self.callback (/usr/local/Cellar/yarn/1.3.2/libexec/lib/cli.js:123085:22)
      at emitTwo (events.js:106:13)
      at Request.emit (events.js:191:7)
      at Request.<anonymous> (/usr/local/Cellar/yarn/1.3.2/libexec/lib/cli.js:124068:10)
      at emitOne (events.js:96:13)
      at Request.emit (events.js:188:7)
      at IncomingMessage.<anonymous> (/usr/local/Cellar/yarn/1.3.2/libexec/lib/cli.js:123988:12)
      at IncomingMessage.g (events.js:292:16)
      at emitNone (events.js:91:20)
